0 info it worked if it ends with ok
1 verbose cli [ '/usr/local/n/versions/node/4.2.1/bin/node',
1 verbose cli   '/usr/local/lib/node_modules/tnpm/node_modules/.bin/ali-npm',
1 verbose cli   '--no-proxy',
1 verbose cli   '--disturl=http://npm.taobao.org/mirrors/iojs',
1 verbose cli   '--userconfig=/Users/lunjiang/.tnpmrc',
1 verbose cli   '--registry=http://registry.npm.alibaba-inc.com',
1 verbose cli   '--node-gyp=/usr/local/lib/node_modules/tnpm/node_modules/pangyp/bin/node-gyp.js',
1 verbose cli   '--cache=/Users/lunjiang/.tnpm',
1 verbose cli   'install' ]
2 info using npm@2.2.1
3 info using node@v4.2.1
4 verbose readDependencies loading dependencies from /Users/lunjiang/workspace/npm/loader-chinese2unicode/package.json
5 error install Couldn't read dependencies
6 verbose stack Error: Invalid version: "0.1.ls0"
6 verbose stack     at Object.module.exports.fixVersionField (/usr/local/lib/node_modules/tnpm/node_modules/ali-npm/node_modules/normalize-package-data/lib/fixer.js:185:13)
6 verbose stack     at /usr/local/lib/node_modules/tnpm/node_modules/ali-npm/node_modules/normalize-package-data/lib/normalize.js:30:38
6 verbose stack     at Array.forEach (native)
6 verbose stack     at normalize (/usr/local/lib/node_modules/tnpm/node_modules/ali-npm/node_modules/normalize-package-data/lib/normalize.js:29:15)
6 verbose stack     at final (/usr/local/lib/node_modules/tnpm/node_modules/ali-npm/node_modules/read-package-json/read-json.js:338:5)
6 verbose stack     at then (/usr/local/lib/node_modules/tnpm/node_modules/ali-npm/node_modules/read-package-json/read-json.js:113:5)
6 verbose stack     at /usr/local/lib/node_modules/tnpm/node_modules/ali-npm/node_modules/read-package-json/read-json.js:300:12
6 verbose stack     at FSReqWrap.readFileAfterClose [as oncomplete] (evalmachine.<anonymous>:380:3)
7 verbose cwd /Users/lunjiang/workspace/npm/loader-chinese2unicode
8 error Darwin 15.0.0
9 error argv "/usr/local/n/versions/node/4.2.1/bin/node" "/usr/local/lib/node_modules/tnpm/node_modules/.bin/ali-npm" "--no-proxy" "--disturl=http://npm.taobao.org/mirrors/iojs" "--userconfig=/Users/lunjiang/.tnpmrc" "--registry=http://registry.npm.alibaba-inc.com" "--node-gyp=/usr/local/lib/node_modules/tnpm/node_modules/pangyp/bin/node-gyp.js" "--cache=/Users/lunjiang/.tnpm" "install"
10 error node v4.2.1
11 error npm  v2.2.1
12 error Invalid version: "0.1.ls0"
13 error If you need help, you may report this error at:
13 error     <https://github.com/npm/npm/issues>
14 verbose exit [ 1, true ]
